TN:
SF:src/streamComponents/csv2ndjson.js
FN:7,<instance_members_initializer>
FN:11,CSVToNDJSON
FN:17,_transform
FN:24,#updateBuffer
FN:61,_final
FNF:5
FNH:5
FNDA:3,<instance_members_initializer>
FNDA:3,CSVToNDJSON
FNDA:3,_transform
FNDA:5,#updateBuffer
FNDA:3,_final
DA:1,1
DA:2,1
DA:3,1
DA:4,1
DA:5,1
DA:6,1
DA:7,1
DA:8,3
DA:9,3
DA:10,3
DA:11,3
DA:12,3
DA:13,3
DA:14,3
DA:15,3
DA:16,3
DA:17,3
DA:18,3
DA:19,2
DA:20,2
DA:21,3
DA:22,3
DA:23,3
DA:24,3
DA:25,5
DA:26,5
DA:27,5
DA:28,5
DA:29,5
DA:30,5
DA:31,5
DA:32,5
DA:33,5
DA:34,5
DA:35,5
DA:36,13
DA:37,13
DA:38,8
DA:39,8
DA:40,8
DA:41,8
DA:42,8
DA:43,8
DA:44,13
DA:45,7
DA:46,7
DA:47,13
DA:48,15
DA:49,15
DA:50,15
DA:51,12
DA:52,12
DA:53,13
DA:54,4
DA:55,4
DA:56,4
DA:57,4
DA:58,4
DA:59,5
DA:60,3
DA:61,3
DA:62,3
DA:63,2
DA:64,2
DA:65,2
DA:66,2
DA:67,2
DA:68,3
LF:68
LH:68
BRDA:7,0,0,3
BRDA:11,1,0,3
BRDA:17,2,0,3
BRDA:18,3,0,2
BRDA:24,4,0,5
BRDA:35,5,0,13
BRDA:37,6,0,5
BRDA:37,7,0,8
BRDA:44,8,0,1
BRDA:44,9,0,7
BRDA:47,10,0,15
BRDA:50,11,0,3
BRDA:50,12,0,12
BRDA:52,13,0,7
BRDA:53,14,0,3
BRDA:53,15,0,4
BRDA:61,16,0,3
BRDA:62,17,0,1
BRDA:62,18,0,2
BRF:19
BRH:19
end_of_record
